<?xml version="1.0" encoding="UTF-8"?>
<testsuite name="SecretsTest" tests="1" skipped="0" failures="0" errors="0" timestamp="2025-02-12T16:38:02" hostname="SHRSHY.fritz.box" time="0.195">
  <properties/>
  <testcase name="set bits in 5_652" classname="SecretsTest" time="0.195"/>
  <system-out><![CDATA[]]></system-out>
  <system-err><![CDATA[]]></system-err>
</testsuite>
