<?xml version="1.0" encoding="UTF-8"?>
<testsuite name="DnDCharacterTest" tests="28" skipped="27" failures="1" errors="0" timestamp="2025-02-05T19:13:26" hostname="SHRSHY.fritz.box" time="1.279">
  <properties/>
  <testcase name="testAbilityCalculationsUses3LargestNumbersFromScoresInDescendingOrder()" classname="DnDCharacterTest" time="0.028">
    <skipped/>
  </testcase>
  <testcase name="testAbilityModifierForScore3IsNegative4()" classname="DnDCharacterTest" time="0.47">
    <failure message="org.opentest4j.AssertionFailedError: &#10;expected: -4&#10; but was: -3" type="org.opentest4j.AssertionFailedError">org.opentest4j.AssertionFailedError: 
expected: -4
 but was: -3
	at java.base@21.0.4/jdk.internal.reflect.DirectConstructorHandleAccessor.newInstance(DirectConstructorHandleAccessor.java:62)
	at java.base@21.0.4/java.lang.reflect.Constructor.newInstanceWithCaller(Constructor.java:502)
	at app//DnDCharacterTest.testAbilityModifierForScore3IsNegative4(DnDCharacterTest.java:14)
	at java.base@21.0.4/jdk.internal.reflect.DirectMethodHandleAccessor.invoke(DirectMethodHandleAccessor.java:103)
	at java.base@21.0.4/java.lang.reflect.Method.invoke(Method.java:580)
	at app//org.junit.platform.commons.util.ReflectionUtils.invokeMethod(ReflectionUtils.java:728)
	at app//org.junit.jupiter.engine.execution.MethodInvocation.proceed(MethodInvocation.java:60)
	at app//org.junit.jupiter.engine.execution.InvocationInterceptorChain$ValidatingInvocation.proceed(InvocationInterceptorChain.java:131)
	at app//org.junit.jupiter.engine.extension.TimeoutExtension.intercept(TimeoutExtension.java:156)
	at app//org.junit.jupiter.engine.extension.TimeoutExtension.interceptTestableMethod(TimeoutExtension.java:147)
	at app//org.junit.jupiter.engine.extension.TimeoutExtension.interceptTestMethod(TimeoutExtension.java:86)
	at app//org.junit.jupiter.engine.execution.InterceptingExecutableInvoker$ReflectiveInterceptorCall.lambda$ofVoidMethod$0(InterceptingExecutableInvoker.java:103)
	at app//org.junit.jupiter.engine.execution.InterceptingExecutableInvoker.lambda$invoke$0(InterceptingExecutableInvoker.java:93)
	at app//org.junit.jupiter.engine.execution.InvocationInterceptorChain$InterceptedInvocation.proceed(InvocationInterceptorChain.java:106)
	at app//org.junit.jupiter.engine.execution.InvocationInterceptorChain.proceed(InvocationInterceptorChain.java:64)
	at app//org.junit.jupiter.engine.execution.InvocationInterceptorChain.chainAndInvoke(InvocationInterceptorChain.java:45)
	at app//org.junit.jupiter.engine.execution.InvocationInterceptorChain.invoke(InvocationInterceptorChain.java:37)
	at app//org.junit.jupiter.engine.execution.InterceptingExecutableInvoker.invoke(InterceptingExecutableInvoker.java:92)
	at app//org.junit.jupiter.engine.execution.InterceptingExecutableInvoker.invoke(InterceptingExecutableInvoker.java:86)
	at app//org.junit.jupiter.engine.descriptor.TestMethodTestDescriptor.lambda$invokeTestMethod$7(TestMethodTestDescriptor.java:218)
	at app//org.junit.platform.engine.support.hierarchical.ThrowableCollector.execute(ThrowableCollector.java:73)
	at app//org.junit.jupiter.engine.descriptor.TestMethodTestDescriptor.invokeTestMethod(TestMethodTestDescriptor.java:214)
	at app//org.junit.jupiter.engine.descriptor.TestMethodTestDescriptor.execute(TestMethodTestDescriptor.java:139)
	at app//org.junit.jupiter.engine.descriptor.TestMethodTestDescriptor.execute(TestMethodTestDescriptor.java:69)
	at app//org.junit.platform.engine.support.hierarchical.NodeTestTask.lambda$executeRecursively$6(NodeTestTask.java:151)
	at app//org.junit.platform.engine.support.hierarchical.ThrowableCollector.execute(ThrowableCollector.java:73)
	at app//org.junit.platform.engine.support.hierarchical.NodeTestTask.lambda$executeRecursively$8(NodeTestTask.java:141)
	at app//org.junit.platform.engine.support.hierarchical.Node.around(Node.java:137)
	at app//org.junit.platform.engine.support.hierarchical.NodeTestTask.lambda$executeRecursively$9(NodeTestTask.java:139)
	at app//org.junit.platform.engine.support.hierarchical.ThrowableCollector.execute(ThrowableCollector.java:73)
	at app//org.junit.platform.engine.support.hierarchical.NodeTestTask.executeRecursively(NodeTestTask.java:138)
	at app//org.junit.platform.engine.support.hierarchical.NodeTestTask.execute(NodeTestTask.java:95)
	at java.base@21.0.4/java.util.ArrayList.forEach(ArrayList.java:1596)
	at app//org.junit.platform.engine.support.hierarchical.SameThreadHierarchicalTestExecutorService.invokeAll(SameThreadHierarchicalTestExecutorService.java:41)
	at app//org.junit.platform.engine.support.hierarchical.NodeTestTask.lambda$executeRecursively$6(NodeTestTask.java:155)
	at app//org.junit.platform.engine.support.hierarchical.ThrowableCollector.execute(ThrowableCollector.java:73)
	at app//org.junit.platform.engine.support.hierarchical.NodeTestTask.lambda$executeRecursively$8(NodeTestTask.java:141)
	at app//org.junit.platform.engine.support.hierarchical.Node.around(Node.java:137)
	at app//org.junit.platform.engine.support.hierarchical.NodeTestTask.lambda$executeRecursively$9(NodeTestTask.java:139)
	at app//org.junit.platform.engine.support.hierarchical.ThrowableCollector.execute(ThrowableCollector.java:73)
	at app//org.junit.platform.engine.support.hierarchical.NodeTestTask.executeRecursively(NodeTestTask.java:138)
	at app//org.junit.platform.engine.support.hierarchical.NodeTestTask.execute(NodeTestTask.java:95)
	at java.base@21.0.4/java.util.ArrayList.forEach(ArrayList.java:1596)
	at app//org.junit.platform.engine.support.hierarchical.SameThreadHierarchicalTestExecutorService.invokeAll(SameThreadHierarchicalTestExecutorService.java:41)
	at app//org.junit.platform.engine.support.hierarchical.NodeTestTask.lambda$executeRecursively$6(NodeTestTask.java:155)
	at app//org.junit.platform.engine.support.hierarchical.ThrowableCollector.execute(ThrowableCollector.java:73)
	at app//org.junit.platform.engine.support.hierarchical.NodeTestTask.lambda$executeRecursively$8(NodeTestTask.java:141)
	at app//org.junit.platform.engine.support.hierarchical.Node.around(Node.java:137)
	at app//org.junit.platform.engine.support.hierarchical.NodeTestTask.lambda$executeRecursively$9(NodeTestTask.java:139)
	at app//org.junit.platform.engine.support.hierarchical.ThrowableCollector.execute(ThrowableCollector.java:73)
	at app//org.junit.platform.engine.support.hierarchical.NodeTestTask.executeRecursively(NodeTestTask.java:138)
	at app//org.junit.platform.engine.support.hierarchical.NodeTestTask.execute(NodeTestTask.java:95)
	at app//org.junit.platform.engine.support.hierarchical.SameThreadHierarchicalTestExecutorService.submit(SameThreadHierarchicalTestExecutorService.java:35)
	at app//org.junit.platform.engine.support.hierarchical.HierarchicalTestExecutor.execute(HierarchicalTestExecutor.java:57)
	at app//org.junit.platform.engine.support.hierarchical.HierarchicalTestEngine.execute(HierarchicalTestEngine.java:54)
	at app//org.junit.platform.launcher.core.EngineExecutionOrchestrator.execute(EngineExecutionOrchestrator.java:107)
	at app//org.junit.platform.launcher.core.EngineExecutionOrchestrator.execute(EngineExecutionOrchestrator.java:88)
	at app//org.junit.platform.launcher.core.EngineExecutionOrchestrator.lambda$execute$0(EngineExecutionOrchestrator.java:54)
	at app//org.junit.platform.launcher.core.EngineExecutionOrchestrator.withInterceptedStreams(EngineExecutionOrchestrator.java:67)
	at app//org.junit.platform.launcher.core.EngineExecutionOrchestrator.execute(EngineExecutionOrchestrator.java:52)
	at app//org.junit.platform.launcher.core.DefaultLauncher.execute(DefaultLauncher.java:114)
	at app//org.junit.platform.launcher.core.DefaultLauncher.execute(DefaultLauncher.java:86)
	at app//org.junit.platform.launcher.core.DefaultLauncherSession$DelegatingLauncher.execute(DefaultLauncherSession.java:86)
	at org.gradle.api.internal.tasks.testing.junitplatform.JUnitPlatformTestClassProcessor$CollectAllTestClassesExecutor.processAllTestClasses(JUnitPlatformTestClassProcessor.java:119)
	at org.gradle.api.internal.tasks.testing.junitplatform.JUnitPlatformTestClassProcessor$CollectAllTestClassesExecutor.access$000(JUnitPlatformTestClassProcessor.java:94)
	at org.gradle.api.internal.tasks.testing.junitplatform.JUnitPlatformTestClassProcessor.stop(JUnitPlatformTestClassProcessor.java:89)
	at org.gradle.api.internal.tasks.testing.SuiteTestClassProcessor.stop(SuiteTestClassProcessor.java:62)
	at java.base@21.0.4/jdk.internal.reflect.DirectMethodHandleAccessor.invoke(DirectMethodHandleAccessor.java:103)
	at java.base@21.0.4/java.lang.reflect.Method.invoke(Method.java:580)
	at org.gradle.internal.dispatch.ReflectionDispatch.dispatch(ReflectionDispatch.java:36)
	at org.gradle.internal.dispatch.ReflectionDispatch.dispatch(ReflectionDispatch.java:24)
	at org.gradle.internal.dispatch.ContextClassLoaderDispatch.dispatch(ContextClassLoaderDispatch.java:33)
	at org.gradle.internal.dispatch.ProxyDispatchAdapter$DispatchingInvocationHandler.invoke(ProxyDispatchAdapter.java:94)
	at jdk.proxy1/jdk.proxy1.$Proxy2.stop(Unknown Source)
	at org.gradle.api.internal.tasks.testing.worker.TestWorker$3.run(TestWorker.java:193)
	at org.gradle.api.internal.tasks.testing.worker.TestWorker.executeAndMaintainThreadName(TestWorker.java:129)
	at org.gradle.api.internal.tasks.testing.worker.TestWorker.execute(TestWorker.java:100)
	at org.gradle.api.internal.tasks.testing.worker.TestWorker.execute(TestWorker.java:60)
	at org.gradle.process.internal.worker.child.ActionExecutionWorker.execute(ActionExecutionWorker.java:56)
	at org.gradle.process.internal.worker.child.SystemApplicationClassLoaderWorker.call(SystemApplicationClassLoaderWorker.java:113)
	at org.gradle.process.internal.worker.child.SystemApplicationClassLoaderWorker.call(SystemApplicationClassLoaderWorker.java:65)
	at app//worker.org.gradle.process.internal.worker.GradleWorkerMain.run(GradleWorkerMain.java:69)
	at app//worker.org.gradle.process.internal.worker.GradleWorkerMain.main(GradleWorkerMain.java:74)
</failure>
  </testcase>
  <testcase name="testAbilityCalculationsUses3LargestNumbersFromScoresInRandomOrder()" classname="DnDCharacterTest" time="0.0">
    <skipped/>
  </testcase>
  <testcase name="testAbilityModifierForScore4IsNegative3()" classname="DnDCharacterTest" time="0.0">
    <skipped/>
  </testcase>
  <testcase name="testAbilityModifierForScore5IsNegative3()" classname="DnDCharacterTest" time="0.0">
    <skipped/>
  </testcase>
  <testcase name="testAbilityModifierForScore10Is0()" classname="DnDCharacterTest" time="0.0">
    <skipped/>
  </testcase>
  <testcase name="testAbilityModifierForScore11Is0()" classname="DnDCharacterTest" time="0.0">
    <skipped/>
  </testcase>
  <testcase name="testAbilityModifierForScore12Is1()" classname="DnDCharacterTest" time="0.125">
    <skipped/>
  </testcase>
  <testcase name="testAbilityModifierForScore13Is1()" classname="DnDCharacterTest" time="0.003">
    <skipped/>
  </testcase>
  <testcase name="testAbilityModifierForScore14Is2()" classname="DnDCharacterTest" time="0.001">
    <skipped/>
  </testcase>
  <testcase name="testAbilityModifierForScore15Is2()" classname="DnDCharacterTest" time="0.003">
    <skipped/>
  </testcase>
  <testcase name="testAbilityModifierForScore16Is3()" classname="DnDCharacterTest" time="0.001">
    <skipped/>
  </testcase>
  <testcase name="testAbilityModifierForScore17Is3()" classname="DnDCharacterTest" time="0.001">
    <skipped/>
  </testcase>
  <testcase name="testAbilityModifierForScore18Is4()" classname="DnDCharacterTest" time="0.0">
    <skipped/>
  </testcase>
  <testcase name="testEachAbilityIsOnlyCalculatedOnce()" classname="DnDCharacterTest" time="0.001">
    <skipped/>
  </testcase>
  <testcase name="testAbilityModifierForScore6IsNegative2()" classname="DnDCharacterTest" time="0.0">
    <skipped/>
  </testcase>
  <testcase name="testAbilityModifierForScore7IsNegative2()" classname="DnDCharacterTest" time="0.008">
    <skipped/>
  </testcase>
  <testcase name="testAbilityModifierForScore8IsNegative1()" classname="DnDCharacterTest" time="0.0">
    <skipped/>
  </testcase>
  <testcase name="testAbilityModifierForScore9IsNegative1()" classname="DnDCharacterTest" time="0.001">
    <skipped/>
  </testcase>
  <testcase name="testAbilityCalculationsWithTwoLowestNumbers()" classname="DnDCharacterTest" time="0.003">
    <skipped/>
  </testcase>
  <testcase name="testAbilityCalculationsUses3LargestNumbersFromFromScoresInAscendingOrder()" classname="DnDCharacterTest" time="0.0">
    <skipped/>
  </testcase>
  <testcase name="testUniqueCharacterIsCreated()" classname="DnDCharacterTest" time="0.001">
    <skipped/>
  </testcase>
  <testcase name="testAbilityCalculationDoesNotChangeInputScores()" classname="DnDCharacterTest" time="0.0">
    <skipped/>
  </testcase>
  <testcase name="testAbilityCalculationsWithLowestEqualNumbers()" classname="DnDCharacterTest" time="0.001">
    <skipped/>
  </testcase>
  <testcase name="testRandomCharacterIsValid()" classname="DnDCharacterTest" time="0.0">
    <skipped/>
  </testcase>
  <testcase name="testAbilityCalculationsWithHighestEqualNumbers()" classname="DnDCharacterTest" time="0.001">
    <skipped/>
  </testcase>
  <testcase name="testDiceValuesBetween1And6()" classname="DnDCharacterTest" time="0.003">
    <skipped/>
  </testcase>
  <testcase name="test4DiceWereUsedForRollingScores()" classname="DnDCharacterTest" time="0.0">
    <skipped/>
  </testcase>
  <system-out><![CDATA[]]></system-out>
  <system-err><![CDATA[]]></system-err>
</testsuite>
