<?xml version="1.0" encoding="UTF-8"?>
<testsuite name="LanguageListTest" tests="1" skipped="0" failures="0" errors="0" timestamp="2025-01-24T16:14:33" hostname="SHRSHY.fritz.box" time="0.157">
  <properties/>
  <testcase name="The count method returns 0 when the list is empty" classname="LanguageListTest" time="0.157"/>
  <system-out><![CDATA[]]></system-out>
  <system-err><![CDATA[]]></system-err>
</testsuite>
