<?xml version="1.0" encoding="UTF-8"?>
<testsuite name="LanguageListTest" tests="1" skipped="0" failures="0" errors="0" timestamp="2025-01-24T15:58:13" hostname="SHRSHY.fritz.box" time="0.174">
  <properties/>
  <testcase name="The removeLanguage method correctly removes a language from the list" classname="LanguageListTest" time="0.174"/>
  <system-out><![CDATA[[Java]
Java has been removed from your List.
]]></system-out>
  <system-err><![CDATA[]]></system-err>
</testsuite>
